2018-05-22 11:46:26 上午 [Thread: main][ Class:testcase.hot.dev.BannerTest >> Method: testcase.hot.dev.BannerTest.bannerTest(bannerTest.java:48) ]
INFO:返回参数:null
  2018-05-22 11:46:26 上午 [Thread: main][ Class:testcase.hot.dev.BannerTest >> Method: testcase.hot.dev.BannerTest.bannerTest(bannerTest.java:49) ]
INFO:URL:https://dxapi.youxiang0210.com/v2/mobile/banner,入参：{"secret": "13c5b701c1ef49c0b032ce41b9bec5c2","uid": "20070", "appVersion": "0.3.3","channelId": 0,"deviceOsType": 2,"uuid": "90E95A72-D188-4010-875D-09EF0AF1ABCC", "clientId": "jc_youxiang_app","accessToken": "93b4673ce823416db1e1df4c012839c2"}

  2018-05-22 11:46:26 上午 [Thread: main][ Class:common.JsonAnalyze >> Method: common.JsonAnalyze.getStatus(JsonAnalyze.java:23) ]
ERROR:返回参数为空
  2018-05-22 11:46:27 上午 [Thread: main][ Class:testcase.hot.dev.BannerTest >> Method: testcase.hot.dev.BannerTest.bannerTest(bannerTest.java:48) ]
INFO:返回参数:null
  2018-05-22 11:46:27 上午 [Thread: main][ Class:testcase.hot.dev.BannerTest >> Method: testcase.hot.dev.BannerTest.bannerTest(bannerTest.java:49) ]
INFO:URL:https://dxapi.youxiang0210.com/v2/mobile/banner,入参：{"secret": "13c5b701c1ef49c0b032ce41b9bec5c2","uid": "20070", "appVersion": "0.3.3","channelId": 111111111111111,"deviceOsType": 2,"uuid": "90E95A72-D188-4010-875D-09EF0AF1ABCC", "clientId": "jc_youxiang_app","accessToken": "93b4673ce823416db1e1df4c012839c2"}

  2018-05-22 11:46:27 上午 [Thread: main][ Class:common.JsonAnalyze >> Method: common.JsonAnalyze.getStatus(JsonAnalyze.java:23) ]
ERROR:返回参数为空
  2018-05-22 11:46:27 上午 [Thread: main][ Class:testcase.hot.dev.BannerTest >> Method: testcase.hot.dev.BannerTest.bannerTest(bannerTest.java:48) ]
INFO:返回参数:null
  2018-05-22 11:46:27 上午 [Thread: main][ Class:testcase.hot.dev.BannerTest >> Method: testcase.hot.dev.BannerTest.bannerTest(bannerTest.java:49) ]
INFO:URL:https://dxapi.youxiang0210.com/v2/mobile/banner,入参：{"secret": "13c5b701c1ef49c0b032ce41b9bec5c2","uid": "20070", "appVersion": "0.3.3","deviceOsType": 2,"uuid": "90E95A72-D188-4010-875D-09EF0AF1ABCC", "clientId": "jc_youxiang_app","accessToken": "93b4673ce823416db1e1df4c012839c2"}

  2018-05-22 11:46:27 上午 [Thread: main][ Class:common.JsonAnalyze >> Method: common.JsonAnalyze.getStatus(JsonAnalyze.java:23) ]
ERROR:返回参数为空
  2018-05-22 11:58:34 上午 [Thread: main][ Class:testcase.hot.dev.BannerTest >> Method: testcase.hot.dev.BannerTest.bannerTest(BannerTest.java:38) ]
INFO:返回参数:null
  2018-05-22 11:58:34 上午 [Thread: main][ Class:testcase.hot.dev.BannerTest >> Method: testcase.hot.dev.BannerTest.bannerTest(BannerTest.java:39) ]
INFO:URL:https://dxapi.youxiang0210.com/v2/mobile/banner,入参：{"secret": "13c5b701c1ef49c0b032ce41b9bec5c2","uid": "20070", "appVersion": "0.3.3","channelId": 0,"deviceOsType": 2,"uuid": "90E95A72-D188-4010-875D-09EF0AF1ABCC", "clientId": "jc_youxiang_app","accessToken": "93b4673ce823416db1e1df4c012839c2"}

  2018-05-22 11:58:34 上午 [Thread: main][ Class:common.JsonAnalyze >> Method: common.JsonAnalyze.getStatus(JsonAnalyze.java:23) ]
ERROR:返回参数为空
  2018-05-22 11:58:34 上午 [Thread: main][ Class:testcase.hot.dev.BannerTest >> Method: testcase.hot.dev.BannerTest.bannerTest(BannerTest.java:38) ]
INFO:返回参数:null
  2018-05-22 11:58:34 上午 [Thread: main][ Class:testcase.hot.dev.BannerTest >> Method: testcase.hot.dev.BannerTest.bannerTest(BannerTest.java:39) ]
INFO:URL:https://dxapi.youxiang0210.com/v2/mobile/banner,入参：{"secret": "13c5b701c1ef49c0b032ce41b9bec5c2","uid": "20070", "appVersion": "0.3.3","channelId": 111111111111111,"deviceOsType": 2,"uuid": "90E95A72-D188-4010-875D-09EF0AF1ABCC", "clientId": "jc_youxiang_app","accessToken": "93b4673ce823416db1e1df4c012839c2"}

  2018-05-22 11:58:34 上午 [Thread: main][ Class:common.JsonAnalyze >> Method: common.JsonAnalyze.getStatus(JsonAnalyze.java:23) ]
ERROR:返回参数为空
  2018-05-22 11:58:34 上午 [Thread: main][ Class:testcase.hot.dev.BannerTest >> Method: testcase.hot.dev.BannerTest.bannerTest(BannerTest.java:38) ]
INFO:返回参数:null
  2018-05-22 11:58:34 上午 [Thread: main][ Class:testcase.hot.dev.BannerTest >> Method: testcase.hot.dev.BannerTest.bannerTest(BannerTest.java:39) ]
INFO:URL:https://dxapi.youxiang0210.com/v2/mobile/banner,入参：{"secret": "13c5b701c1ef49c0b032ce41b9bec5c2","uid": "20070", "appVersion": "0.3.3","deviceOsType": 2,"uuid": "90E95A72-D188-4010-875D-09EF0AF1ABCC", "clientId": "jc_youxiang_app","accessToken": "93b4673ce823416db1e1df4c012839c2"}

  2018-05-22 11:58:34 上午 [Thread: main][ Class:common.JsonAnalyze >> Method: common.JsonAnalyze.getStatus(JsonAnalyze.java:23) ]
ERROR:返回参数为空
  2018-05-22 11:58:34 上午 [Thread: main][ Class:testcase.hot.dev.HotCardTest >> Method: testcase.hot.dev.HotCardTest.hotCardTest(HotCardTest.java:37) ]
INFO:URL:http://test.dxapi.youxiang0210.com/mobile/hotCard,入参：{
 "clientId": "jc_youxiang_app",
 "secret": "13c5b701c1ef49c0b032ce41b9bec5c2",
 "uuid": "90E95A72-D188-4010-875D-09EF0AF1ABCC",
 "appVersion": "0.3.3",
 "deviceOsType": 2,
 "accessToken": "93b4673ce823416db1e1df4c012839c2",
 "page": 0,
 "size": "1"
}
  2018-05-22 11:58:34 上午 [Thread: main][ Class:testcase.hot.dev.HotCardTest >> Method: testcase.hot.dev.HotCardTest.hotCardTest(HotCardTest.java:38) ]
INFO:返回参数:{"code":0,"errmsg":null,"data":{"legoChannels":[{"gmtModified":1495421304000,"gmtCreated":1491852431000,"enable":1,"isMore":0,"videos":[{"images":[{"name":"back-1498800405610-16男子嫌等灯时间长_夜间私调信号灯.jpg","scale":1,"url":"back-1498812566990-4.jpg"},{"name":"back-1498800408653-2男子嫌等灯时间长_夜间私调信号灯.jpg","scale":3,"url":"back-1498800408653-2男子嫌等灯时间长_夜间私调信号灯.jpg"},{"name":"back-1498800413553-1男子嫌等灯时间长_夜间私调信号灯.jpg","scale":5,"url":"back-1498800413553-1男子嫌等灯时间长_夜间私调信号灯.jpg"}],"bizType":0,"director":"","relationId":96,"actor":"","duration":85,"extMap":{"clarity":"","sign":""},"subName":"","intro":"男子嫌等灯时间长夜间私调信号灯","name":"奇葩！男子私调信号灯","categories":1,"videoBaseId":"v2245373396255744","episodes":0,"status":2},{"images":[{"name":"back-1498800490297-一审被判无期！3D还原16岁女生教室遇害案.jpg","scale":1,"url":"back-1498812586221-1.jpg"},{"name":"back-1498800498097-1一审被判无期！3D还原16岁女生教室遇害案.jpg","scale":5,"url":"back-1498800498097-1一审被判无期！3D还原16岁女生教室遇害案.jpg"},{"name":"back-1498800503681-2一审被判无期！3D还原16岁女生教室遇害案.jpg","scale":3,"url":"back-1498800503681-2一审被判无期！3D还原16岁女生教室遇害案.jpg"}],"bizType":0,"director":"","relationId":97,"actor":"","duration":81,"extMap":{"clarity":"","sign":""},"subName":"","intro":"一审被判无期！3D还原16岁女生教室遇害案","name":"不堪入目！披露奸杀细节","categories":1,"videoBaseId":"v2245374789223424","episodes":0,"status":2},{"images":[{"name":"back-1498800556042-16安徽：男子名叫方向盘-驾照走红.jpg","scale":1,"url":"back-1498812599618-2.jpg"},{"name":"back-1498800560769-1安徽：男子名叫方向盘-驾照走红.jpg","scale":5,"url":"back-1498800560769-1安徽：男子名叫方向盘-驾照走红.jpg"},{"name":"back-1498800563250-2安徽：男子名叫方向盘-驾照走红.jpg","scale":3,"url":"back-1498800563250-2安徽：男子名叫方向盘-驾照走红.jpg"}],"bizType":0,"director":"","relationId":98,"actor":"","duration":69,"extMap":{"clarity":"","sign":""},"subName":"","intro":"安徽：男子名叫方向盘 驾照走红朋友圈","name":"爸妈真司机 取名也开车","categories":1,"videoBaseId":"v2245376488342528","episodes":0,"status":2},{"images":[{"name":"back-1498800665697-16中学老师怒怼“王者荣耀”引关注.jpg","scale":1,"url":"back-1498812615265-3.jpg"},{"name":"back-1498800668178-1中学老师怒怼“王者荣耀”引关注.jpg","scale":5,"url":"back-1498800668178-1中学老师怒怼“王者荣耀”引关注.jpg"},{"name":"back-1498800670508-2中学老师怒怼“王者荣耀”引关注.jpg","scale":3,"url":"back-1498800670508-2中学老师怒怼“王者荣耀”引关注.jpg"}],"bizType":0,"director":"","relationId":99,"actor":"","duration":358,"extMap":{"clarity":"","sign":""},"subName":"","intro":"中学老师怒怼“王者荣耀”引关注","name":"中小学生沉迷手游引关注","categories":1,"videoBaseId":"v2245377521189888","episodes":0,"status":3}],"id":1,"sort":1,"moreUrl":"#","title":"资讯","layoutId":2,"layoutName":"未配置"}],"pager":{"pages":10,"firstPage":true,"lastPage":false,"records":10,"pageNo":1,"pageSize":1}}}
  2018-05-22 11:58:35 上午 [Thread: main][ Class:testcase.hot.master.BannerTest >> Method: testcase.hot.master.BannerTest.bannerTest(BannerTest.java:48) ]
INFO:返回参数:null
  2018-05-22 11:58:35 上午 [Thread: main][ Class:testcase.hot.master.BannerTest >> Method: testcase.hot.master.BannerTest.bannerTest(BannerTest.java:49) ]
INFO:URL:https://dxapi.youxiang0210.com/v2/mobile/banner,入参：{"secret": "13c5b701c1ef49c0b032ce41b9bec5c2","uid": "20070", "appVersion": "0.3.3","channelId": 0,"deviceOsType": 2,"uuid": "90E95A72-D188-4010-875D-09EF0AF1ABCC", "clientId": "jc_youxiang_app","accessToken": "93b4673ce823416db1e1df4c012839c2"}

  2018-05-22 11:58:35 上午 [Thread: main][ Class:common.JsonAnalyze >> Method: common.JsonAnalyze.getStatus(JsonAnalyze.java:23) ]
ERROR:返回参数为空
  2018-05-22 11:58:35 上午 [Thread: main][ Class:testcase.hot.master.BannerTest >> Method: testcase.hot.master.BannerTest.bannerTest(BannerTest.java:48) ]
INFO:返回参数:null
  2018-05-22 11:58:35 上午 [Thread: main][ Class:testcase.hot.master.BannerTest >> Method: testcase.hot.master.BannerTest.bannerTest(BannerTest.java:49) ]
INFO:URL:https://dxapi.youxiang0210.com/v2/mobile/banner,入参：{"secret": "13c5b701c1ef49c0b032ce41b9bec5c2","uid": "20070", "appVersion": "0.3.3","channelId": 111111111111111,"deviceOsType": 2,"uuid": "90E95A72-D188-4010-875D-09EF0AF1ABCC", "clientId": "jc_youxiang_app","accessToken": "93b4673ce823416db1e1df4c012839c2"}

  2018-05-22 11:58:35 上午 [Thread: main][ Class:common.JsonAnalyze >> Method: common.JsonAnalyze.getStatus(JsonAnalyze.java:23) ]
ERROR:返回参数为空
  2018-05-22 11:58:35 上午 [Thread: main][ Class:testcase.hot.master.BannerTest >> Method: testcase.hot.master.BannerTest.bannerTest(BannerTest.java:48) ]
INFO:返回参数:null
  2018-05-22 11:58:35 上午 [Thread: main][ Class:testcase.hot.master.BannerTest >> Method: testcase.hot.master.BannerTest.bannerTest(BannerTest.java:49) ]
INFO:URL:https://dxapi.youxiang0210.com/v2/mobile/banner,入参：{"secret": "13c5b701c1ef49c0b032ce41b9bec5c2","uid": "20070", "appVersion": "0.3.3","deviceOsType": 2,"uuid": "90E95A72-D188-4010-875D-09EF0AF1ABCC", "clientId": "jc_youxiang_app","accessToken": "93b4673ce823416db1e1df4c012839c2"}

  2018-05-22 11:58:35 上午 [Thread: main][ Class:common.JsonAnalyze >> Method: common.JsonAnalyze.getStatus(JsonAnalyze.java:23) ]
ERROR:返回参数为空
  2018-05-22 11:58:35 上午 [Thread: main][ Class:testcase.hot.master.HotCardTest >> Method: testcase.hot.master.HotCardTest.hotCardTest(HotCardTest.java:36) ]
INFO:URL:https://dxapi.youxiang0210.com/mobile/hotCard,入参：{
 "clientId": "jc_youxiang_app",
 "secret": "13c5b701c1ef49c0b032ce41b9bec5c2",
 "uuid": "90E95A72-D188-4010-875D-09EF0AF1ABCC",
 "appVersion": "0.3.3",
 "deviceOsType": 2,
 "accessToken": "93b4673ce823416db1e1df4c012839c2",
 "page": 0,
 "size": "1"
}
  2018-05-22 11:58:35 上午 [Thread: main][ Class:testcase.hot.master.HotCardTest >> Method: testcase.hot.master.HotCardTest.hotCardTest(HotCardTest.java:37) ]
INFO:返回参数:null
  2018-05-22 11:58:35 上午 [Thread: main][ Class:common.JsonAnalyze >> Method: common.JsonAnalyze.getStatus(JsonAnalyze.java:23) ]
ERROR:返回参数为空
  