2018-05-16 16:24:25 下午 [Thread: main][ Class:util.HttpRequestUtils >> Method: util.HttpRequestUtils.sendPost(HttpRequestUtils.java:43) ]
ERROR:请求参数为空
 2018-05-16 16:24:25 下午 [Thread: main][ Class:util.HttpRequestUtils >> Method: util.HttpRequestUtils.sendPost(HttpRequestUtils.java:63) ]
ERROR:post请求提交失败:http://test.dxapi.youxiang0210.comnull
 java.net.UnknownHostException: test.dxapi.youxiang0210.comnull
	at java.net.Inet6AddressImpl.lookupAllHostAddr(Native Method)
	at java.net.InetAddress$2.lookupAllHostAddr(InetAddress.java:928)
	at java.net.InetAddress.getAddressesFromNameService(InetAddress.java:1323)
	at java.net.InetAddress.getAllByName0(InetAddress.java:1276)
	at java.net.InetAddress.getAllByName(InetAddress.java:1192)
	at java.net.InetAddress.getAllByName(InetAddress.java:1126)
	at org.apache.http.impl.conn.SystemDefaultDnsResolver.resolve(SystemDefaultDnsResolver.java:45)
	at org.apache.http.impl.conn.DefaultHttpClientConnectionOperator.connect(DefaultHttpClientConnectionOperator.java:111)
	at org.apache.http.impl.conn.PoolingHttpClientConnectionManager.connect(PoolingHttpClientConnectionManager.java:353)
	at org.apache.http.impl.execchain.MainClientExec.establishRoute(MainClientExec.java:380)
	at org.apache.http.impl.execchain.MainClientExec.execute(MainClientExec.java:236)
	at org.apache.http.impl.execchain.ProtocolExec.execute(ProtocolExec.java:184)
	at org.apache.http.impl.execchain.RetryExec.execute(RetryExec.java:88)
	at org.apache.http.impl.execchain.RedirectExec.execute(RedirectExec.java:110)
	at org.apache.http.impl.client.InternalHttpClient.doExecute(InternalHttpClient.java:184)
	at org.apache.http.impl.client.CloseableHttpClient.execute(CloseableHttpClient.java:82)
	at org.apache.http.impl.client.CloseableHttpClient.execute(CloseableHttpClient.java:107)
	at util.HttpRequestUtils.sendPost(HttpRequestUtils.java:46)
	at testcase.YxspHotTest.bannerTest(YxspHotTest.java:51)
	at sun.reflect.NativeMethodAccessorImpl.invoke0(Native Method)
	at sun.reflect.NativeMethodAccessorImpl.invoke(NativeMethodAccessorImpl.java:62)
	at sun.reflect.DelegatingMethodAccessorImpl.invoke(DelegatingMethodAccessorImpl.java:43)
	at java.lang.reflect.Method.invoke(Method.java:498)
	at org.testng.internal.MethodInvocationHelper.invokeMethod(MethodInvocationHelper.java:124)
	at org.testng.internal.Invoker.invokeMethod(Invoker.java:571)
	at org.testng.internal.Invoker.invokeTestMethod(Invoker.java:707)
	at org.testng.internal.Invoker.invokeTestMethods(Invoker.java:979)
	at org.testng.internal.TestMethodWorker.invokeTestMethods(TestMethodWorker.java:125)
	at org.testng.internal.TestMethodWorker.run(TestMethodWorker.java:109)
	at org.testng.TestRunner.privateRun(TestRunner.java:648)
	at org.testng.TestRunner.run(TestRunner.java:505)
	at org.testng.SuiteRunner.runTest(SuiteRunner.java:455)
	at org.testng.SuiteRunner.runSequentially(SuiteRunner.java:450)
	at org.testng.SuiteRunner.privateRun(SuiteRunner.java:415)
	at org.testng.SuiteRunner.run(SuiteRunner.java:364)
	at org.testng.SuiteRunnerWorker.runSuite(SuiteRunnerWorker.java:52)
	at org.testng.SuiteRunnerWorker.run(SuiteRunnerWorker.java:84)
	at org.testng.TestNG.runSuitesSequentially(TestNG.java:1187)
	at org.testng.TestNG.runSuitesLocally(TestNG.java:1116)
	at org.testng.TestNG.runSuites(TestNG.java:1028)
	at org.testng.TestNG.run(TestNG.java:996)
	at org.testng.IDEARemoteTestNG.run(IDEARemoteTestNG.java:72)
	at org.testng.RemoteTestNGStarter.main(RemoteTestNGStarter.java:123)
2018-05-16 16:24:25 下午 [Thread: main][ Class:util.HttpRequestUtils >> Method: util.HttpRequestUtils.sendPost(HttpRequestUtils.java:43) ]
ERROR:请求参数为空
 2018-05-16 16:24:25 下午 [Thread: main][ Class:util.HttpRequestUtils >> Method: util.HttpRequestUtils.sendPost(HttpRequestUtils.java:63) ]
ERROR:post请求提交失败:http://test.dxapi.youxiang0210.comnull
 java.net.UnknownHostException: test.dxapi.youxiang0210.comnull
	at java.net.InetAddress.getAllByName0(InetAddress.java:1280)
	at java.net.InetAddress.getAllByName(InetAddress.java:1192)
	at java.net.InetAddress.getAllByName(InetAddress.java:1126)
	at org.apache.http.impl.conn.SystemDefaultDnsResolver.resolve(SystemDefaultDnsResolver.java:45)
	at org.apache.http.impl.conn.DefaultHttpClientConnectionOperator.connect(DefaultHttpClientConnectionOperator.java:111)
	at org.apache.http.impl.conn.PoolingHttpClientConnectionManager.connect(PoolingHttpClientConnectionManager.java:353)
	at org.apache.http.impl.execchain.MainClientExec.establishRoute(MainClientExec.java:380)
	at org.apache.http.impl.execchain.MainClientExec.execute(MainClientExec.java:236)
	at org.apache.http.impl.execchain.ProtocolExec.execute(ProtocolExec.java:184)
	at org.apache.http.impl.execchain.RetryExec.execute(RetryExec.java:88)
	at org.apache.http.impl.execchain.RedirectExec.execute(RedirectExec.java:110)
	at org.apache.http.impl.client.InternalHttpClient.doExecute(InternalHttpClient.java:184)
	at org.apache.http.impl.client.CloseableHttpClient.execute(CloseableHttpClient.java:82)
	at org.apache.http.impl.client.CloseableHttpClient.execute(CloseableHttpClient.java:107)
	at util.HttpRequestUtils.sendPost(HttpRequestUtils.java:46)
	at testcase.YxspHotTest.bannerTest(YxspHotTest.java:51)
	at sun.reflect.NativeMethodAccessorImpl.invoke0(Native Method)
	at sun.reflect.NativeMethodAccessorImpl.invoke(NativeMethodAccessorImpl.java:62)
	at sun.reflect.DelegatingMethodAccessorImpl.invoke(DelegatingMethodAccessorImpl.java:43)
	at java.lang.reflect.Method.invoke(Method.java:498)
	at org.testng.internal.MethodInvocationHelper.invokeMethod(MethodInvocationHelper.java:124)
	at org.testng.internal.Invoker.invokeMethod(Invoker.java:571)
	at org.testng.internal.Invoker.invokeTestMethod(Invoker.java:707)
	at org.testng.internal.Invoker.invokeTestMethods(Invoker.java:979)
	at org.testng.internal.TestMethodWorker.invokeTestMethods(TestMethodWorker.java:125)
	at org.testng.internal.TestMethodWorker.run(TestMethodWorker.java:109)
	at org.testng.TestRunner.privateRun(TestRunner.java:648)
	at org.testng.TestRunner.run(TestRunner.java:505)
	at org.testng.SuiteRunner.runTest(SuiteRunner.java:455)
	at org.testng.SuiteRunner.runSequentially(SuiteRunner.java:450)
	at org.testng.SuiteRunner.privateRun(SuiteRunner.java:415)
	at org.testng.SuiteRunner.run(SuiteRunner.java:364)
	at org.testng.SuiteRunnerWorker.runSuite(SuiteRunnerWorker.java:52)
	at org.testng.SuiteRunnerWorker.run(SuiteRunnerWorker.java:84)
	at org.testng.TestNG.runSuitesSequentially(TestNG.java:1187)
	at org.testng.TestNG.runSuitesLocally(TestNG.java:1116)
	at org.testng.TestNG.runSuites(TestNG.java:1028)
	at org.testng.TestNG.run(TestNG.java:996)
	at org.testng.IDEARemoteTestNG.run(IDEARemoteTestNG.java:72)
	at org.testng.RemoteTestNGStarter.main(RemoteTestNGStarter.java:123)
2018-05-16 16:24:25 下午 [Thread: main][ Class:util.HttpRequestUtils >> Method: util.HttpRequestUtils.sendPost(HttpRequestUtils.java:43) ]
ERROR:请求参数为空
 2018-05-16 16:24:25 下午 [Thread: main][ Class:util.HttpRequestUtils >> Method: util.HttpRequestUtils.sendPost(HttpRequestUtils.java:63) ]
ERROR:post请求提交失败:http://test.dxapi.youxiang0210.comnull
 java.net.UnknownHostException: test.dxapi.youxiang0210.comnull
	at java.net.InetAddress.getAllByName0(InetAddress.java:1280)
	at java.net.InetAddress.getAllByName(InetAddress.java:1192)
	at java.net.InetAddress.getAllByName(InetAddress.java:1126)
	at org.apache.http.impl.conn.SystemDefaultDnsResolver.resolve(SystemDefaultDnsResolver.java:45)
	at org.apache.http.impl.conn.DefaultHttpClientConnectionOperator.connect(DefaultHttpClientConnectionOperator.java:111)
	at org.apache.http.impl.conn.PoolingHttpClientConnectionManager.connect(PoolingHttpClientConnectionManager.java:353)
	at org.apache.http.impl.execchain.MainClientExec.establishRoute(MainClientExec.java:380)
	at org.apache.http.impl.execchain.MainClientExec.execute(MainClientExec.java:236)
	at org.apache.http.impl.execchain.ProtocolExec.execute(ProtocolExec.java:184)
	at org.apache.http.impl.execchain.RetryExec.execute(RetryExec.java:88)
	at org.apache.http.impl.execchain.RedirectExec.execute(RedirectExec.java:110)
	at org.apache.http.impl.client.InternalHttpClient.doExecute(InternalHttpClient.java:184)
	at org.apache.http.impl.client.CloseableHttpClient.execute(CloseableHttpClient.java:82)
	at org.apache.http.impl.client.CloseableHttpClient.execute(CloseableHttpClient.java:107)
	at util.HttpRequestUtils.sendPost(HttpRequestUtils.java:46)
	at testcase.YxspHotTest.bannerTest(YxspHotTest.java:51)
	at sun.reflect.NativeMethodAccessorImpl.invoke0(Native Method)
	at sun.reflect.NativeMethodAccessorImpl.invoke(NativeMethodAccessorImpl.java:62)
	at sun.reflect.DelegatingMethodAccessorImpl.invoke(DelegatingMethodAccessorImpl.java:43)
	at java.lang.reflect.Method.invoke(Method.java:498)
	at org.testng.internal.MethodInvocationHelper.invokeMethod(MethodInvocationHelper.java:124)
	at org.testng.internal.Invoker.invokeMethod(Invoker.java:571)
	at org.testng.internal.Invoker.invokeTestMethod(Invoker.java:707)
	at org.testng.internal.Invoker.invokeTestMethods(Invoker.java:979)
	at org.testng.internal.TestMethodWorker.invokeTestMethods(TestMethodWorker.java:125)
	at org.testng.internal.TestMethodWorker.run(TestMethodWorker.java:109)
	at org.testng.TestRunner.privateRun(TestRunner.java:648)
	at org.testng.TestRunner.run(TestRunner.java:505)
	at org.testng.SuiteRunner.runTest(SuiteRunner.java:455)
	at org.testng.SuiteRunner.runSequentially(SuiteRunner.java:450)
	at org.testng.SuiteRunner.privateRun(SuiteRunner.java:415)
	at org.testng.SuiteRunner.run(SuiteRunner.java:364)
	at org.testng.SuiteRunnerWorker.runSuite(SuiteRunnerWorker.java:52)
	at org.testng.SuiteRunnerWorker.run(SuiteRunnerWorker.java:84)
	at org.testng.TestNG.runSuitesSequentially(TestNG.java:1187)
	at org.testng.TestNG.runSuitesLocally(TestNG.java:1116)
	at org.testng.TestNG.runSuites(TestNG.java:1028)
	at org.testng.TestNG.run(TestNG.java:996)
	at org.testng.IDEARemoteTestNG.run(IDEARemoteTestNG.java:72)
	at org.testng.RemoteTestNGStarter.main(RemoteTestNGStarter.java:123)
2018-05-16 16:56:24 下午 [Thread: main][ Class:util.ExcelDataUtils >> Method: util.ExcelDataUtils.getValue(ExcelDataUtils.java:113) ]
ERROR:未知该单元格类型
 2018-05-16 16:56:24 下午 [Thread: main][ Class:util.ExcelDataUtils >> Method: util.ExcelDataUtils.getValue(ExcelDataUtils.java:113) ]
ERROR:未知该单元格类型
 2018-05-16 16:56:24 下午 [Thread: main][ Class:util.ExcelDataUtils >> Method: util.ExcelDataUtils.getValue(ExcelDataUtils.java:113) ]
ERROR:未知该单元格类型
 2018-05-16 16:56:24 下午 [Thread: main][ Class:util.ExcelDataUtils >> Method: util.ExcelDataUtils.getValue(ExcelDataUtils.java:113) ]
ERROR:未知该单元格类型
 2018-05-16 16:56:24 下午 [Thread: main][ Class:util.ExcelDataUtils >> Method: util.ExcelDataUtils.getValue(ExcelDataUtils.java:113) ]
ERROR:未知该单元格类型
 2018-05-16 16:56:24 下午 [Thread: main][ Class:util.ExcelDataUtils >> Method: util.ExcelDataUtils.getValue(ExcelDataUtils.java:113) ]
ERROR:未知该单元格类型
 2018-05-16 16:56:25 下午 [Thread: main][ Class:util.ExcelDataUtils >> Method: util.ExcelDataUtils.getValue(ExcelDataUtils.java:113) ]
ERROR:未知该单元格类型
 2018-05-16 16:56:25 下午 [Thread: main][ Class:util.ExcelDataUtils >> Method: util.ExcelDataUtils.getValue(ExcelDataUtils.java:113) ]
ERROR:未知该单元格类型
 2018-05-16 16:56:25 下午 [Thread: main][ Class:util.ExcelDataUtils >> Method: util.ExcelDataUtils.getValue(ExcelDataUtils.java:113) ]
ERROR:未知该单元格类型
 